<?xml version="1.0" encoding="UTF-8"?>
<testsuite name="com.kup.alex.myapplication.ExampleUnitTest" tests="1" skipped="0" failures="0" errors="0" timestamp="2016-03-03T19:53:24" hostname="alexkup-SVE1511N1RW" time="0.002">
  <properties/>
  <testcase name="addition_isCorrect" classname="com.kup.alex.myapplication.ExampleUnitTest" time="0.002"/>
  <system-out><![CDATA[]]></system-out>
  <system-err><![CDATA[]]></system-err>
</testsuite>
